{"C:\\Users\\gabri\\Desktop\\ReactViteProject\\src\\main.jsx": {"path":"C:\\Users\\gabri\\Desktop\\ReactViteProject\\src\\main.jsx","all":true,"statementMap":{"0":{"start":{"line":1,"column":0},"end":{"line":1,"column":35}},"1":{"start":{"line":2,"column":0},"end":{"line":2,"column":46}},"3":{"start":{"line":4,"column":0},"end":{"line":4,"column":29}},"4":{"start":{"line":5,"column":0},"end":{"line":5,"column":40}},"6":{"start":{"line":7,"column":0},"end":{"line":7,"column":51}},"7":{"start":{"line":8,"column":0},"end":{"line":8,"column":14}},"8":{"start":{"line":9,"column":0},"end":{"line":9,"column":12}}},"s":{"0":0,"1":0,"3":0,"4":0,"6":0,"7":0,"8":0},"branchMap":{"0":{"type":"branch","line":1,"loc":{"start":{"line":1,"column":255},"end":{"line":11,"column":2}},"locations":[{"start":{"line":1,"column":255},"end":{"line":11,"column":2}}]}},"b":{"0":[0]},"fnMap":{"0":{"name":"(empty-report)","decl":{"start":{"line":1,"column":255},"end":{"line":11,"column":2}},"loc":{"start":{"line":1,"column":255},"end":{"line":11,"column":2}},"line":1}},"f":{"0":0}}
,"C:\\Users\\gabri\\Desktop\\ReactViteProject\\src\\components\\Button\\index.jsx": {"path":"C:\\Users\\gabri\\Desktop\\ReactViteProject\\src\\components\\Button\\index.jsx","all":false,"statementMap":{"0":{"start":{"line":1,"column":0},"end":{"line":1,"column":27}},"3":{"start":{"line":4,"column":0},"end":{"line":4,"column":64}},"4":{"start":{"line":5,"column":0},"end":{"line":5,"column":67}},"5":{"start":{"line":6,"column":0},"end":{"line":6,"column":10}},"9":{"start":{"line":10,"column":0},"end":{"line":10,"column":26}},"11":{"start":{"line":12,"column":0},"end":{"line":12,"column":4}},"13":{"start":{"line":14,"column":0},"end":{"line":14,"column":20}},"14":{"start":{"line":15,"column":0},"end":{"line":15,"column":28}},"15":{"start":{"line":16,"column":0},"end":{"line":16,"column":29}},"16":{"start":{"line":17,"column":0},"end":{"line":17,"column":19}},"17":{"start":{"line":18,"column":0},"end":{"line":18,"column":2}}},"s":{"0":1,"3":1,"4":1,"5":1,"9":1,"11":1,"13":1,"14":1,"15":1,"16":1,"17":1},"branchMap":{},"b":{},"fnMap":{},"f":{}}
,"C:\\Users\\gabri\\Desktop\\ReactViteProject\\src\\components\\Loading\\index.jsx": {"path":"C:\\Users\\gabri\\Desktop\\ReactViteProject\\src\\components\\Loading\\index.jsx","all":false,"statementMap":{"0":{"start":{"line":1,"column":0},"end":{"line":1,"column":22}},"2":{"start":{"line":3,"column":0},"end":{"line":3,"column":83}}},"s":{"0":1,"2":1},"branchMap":{},"b":{},"fnMap":{},"f":{}}
,"C:\\Users\\gabri\\Desktop\\ReactViteProject\\src\\components\\PostCard\\index.jsx": {"path":"C:\\Users\\gabri\\Desktop\\ReactViteProject\\src\\components\\PostCard\\index.jsx","all":false,"statementMap":{"0":{"start":{"line":1,"column":0},"end":{"line":1,"column":27}},"3":{"start":{"line":4,"column":0},"end":{"line":4,"column":57}},"4":{"start":{"line":5,"column":0},"end":{"line":5,"column":29}},"5":{"start":{"line":6,"column":0},"end":{"line":6,"column":35}},"6":{"start":{"line":7,"column":0},"end":{"line":7,"column":39}},"7":{"start":{"line":8,"column":0},"end":{"line":8,"column":24}},"8":{"start":{"line":9,"column":0},"end":{"line":9,"column":12}},"9":{"start":{"line":10,"column":0},"end":{"line":10,"column":24}},"10":{"start":{"line":11,"column":0},"end":{"line":11,"column":12}},"11":{"start":{"line":12,"column":0},"end":{"line":12,"column":21}},"16":{"start":{"line":17,"column":0},"end":{"line":17,"column":22}},"17":{"start":{"line":18,"column":0},"end":{"line":18,"column":29}},"18":{"start":{"line":19,"column":0},"end":{"line":19,"column":28}},"19":{"start":{"line":20,"column":0},"end":{"line":20,"column":29}},"20":{"start":{"line":21,"column":0},"end":{"line":21,"column":26}},"21":{"start":{"line":22,"column":0},"end":{"line":22,"column":2}},"23":{"start":{"line":24,"column":0},"end":{"line":24,"column":3}},"40":{"start":{"line":41,"column":0},"end":{"line":41,"column":3}}},"s":{"0":1,"3":1,"4":1,"5":1,"6":1,"7":1,"8":1,"9":1,"10":1,"11":1,"16":1,"17":1,"18":1,"19":1,"20":1,"21":1,"23":1,"40":1},"branchMap":{},"b":{},"fnMap":{},"f":{}}
,"C:\\Users\\gabri\\Desktop\\ReactViteProject\\src\\components\\PostCard\\mock.js": {"path":"C:\\Users\\gabri\\Desktop\\ReactViteProject\\src\\components\\PostCard\\mock.js","all":false,"statementMap":{"0":{"start":{"line":1,"column":0},"end":{"line":1,"column":34}},"1":{"start":{"line":2,"column":0},"end":{"line":2,"column":22}},"2":{"start":{"line":3,"column":0},"end":{"line":3,"column":20}},"3":{"start":{"line":4,"column":0},"end":{"line":4,"column":23}},"4":{"start":{"line":5,"column":0},"end":{"line":5,"column":8}},"5":{"start":{"line":6,"column":0},"end":{"line":6,"column":2}}},"s":{"0":1,"1":1,"2":1,"3":1,"4":1,"5":1},"branchMap":{},"b":{},"fnMap":{},"f":{}}
,"C:\\Users\\gabri\\Desktop\\ReactViteProject\\src\\components\\Posts\\index.jsx": {"path":"C:\\Users\\gabri\\Desktop\\ReactViteProject\\src\\components\\Posts\\index.jsx","all":false,"statementMap":{"0":{"start":{"line":1,"column":0},"end":{"line":1,"column":27}},"5":{"start":{"line":6,"column":0},"end":{"line":6,"column":42}},"6":{"start":{"line":7,"column":0},"end":{"line":7,"column":70}},"7":{"start":{"line":8,"column":0},"end":{"line":8,"column":26}},"8":{"start":{"line":9,"column":0},"end":{"line":9,"column":100}},"13":{"start":{"line":14,"column":0},"end":{"line":14,"column":19}},"14":{"start":{"line":15,"column":0},"end":{"line":15,"column":19}},"15":{"start":{"line":16,"column":0},"end":{"line":16,"column":13}},"16":{"start":{"line":17,"column":0},"end":{"line":17,"column":33}},"17":{"start":{"line":18,"column":0},"end":{"line":18,"column":32}},"18":{"start":{"line":19,"column":0},"end":{"line":19,"column":33}},"19":{"start":{"line":20,"column":0},"end":{"line":20,"column":30}},"20":{"start":{"line":21,"column":0},"end":{"line":21,"column":7}},"22":{"start":{"line":23,"column":0},"end":{"line":23,"column":2}}},"s":{"0":1,"5":1,"6":1,"7":1,"8":1,"13":1,"14":1,"15":1,"16":1,"17":1,"18":1,"19":1,"20":1,"22":1},"branchMap":{"0":{"type":"branch","line":7,"loc":{"start":{"line":7,"column":44},"end":{"line":7,"column":64}},"locations":[{"start":{"line":7,"column":44},"end":{"line":7,"column":64}}]},"1":{"type":"branch","line":7,"loc":{"start":{"line":7,"column":48},"end":{"line":7,"column":68}},"locations":[{"start":{"line":7,"column":48},"end":{"line":7,"column":68}}]}},"b":{"0":[3],"1":[7]},"fnMap":{},"f":{}}
,"C:\\Users\\gabri\\Desktop\\ReactViteProject\\src\\components\\Search\\index.jsx": {"path":"C:\\Users\\gabri\\Desktop\\ReactViteProject\\src\\components\\Search\\index.jsx","all":false,"statementMap":{"0":{"start":{"line":1,"column":0},"end":{"line":1,"column":27}},"3":{"start":{"line":4,"column":0},"end":{"line":4,"column":103}},"4":{"start":{"line":5,"column":0},"end":{"line":5,"column":30}},"5":{"start":{"line":6,"column":0},"end":{"line":6,"column":35}},"6":{"start":{"line":7,"column":0},"end":{"line":7,"column":4}},"8":{"start":{"line":9,"column":0},"end":{"line":9,"column":29}},"9":{"start":{"line":10,"column":0},"end":{"line":10,"column":39}},"10":{"start":{"line":11,"column":0},"end":{"line":11,"column":4}},"12":{"start":{"line":13,"column":0},"end":{"line":13,"column":10}},"13":{"start":{"line":14,"column":0},"end":{"line":14,"column":10}},"14":{"start":{"line":15,"column":0},"end":{"line":15,"column":19}},"15":{"start":{"line":16,"column":0},"end":{"line":16,"column":24}},"16":{"start":{"line":17,"column":0},"end":{"line":17,"column":31}},"17":{"start":{"line":18,"column":0},"end":{"line":18,"column":19}},"18":{"start":{"line":19,"column":0},"end":{"line":19,"column":25}},"19":{"start":{"line":20,"column":0},"end":{"line":20,"column":27}},"20":{"start":{"line":21,"column":0},"end":{"line":21,"column":25}},"23":{"start":{"line":24,"column":0},"end":{"line":24,"column":2}},"25":{"start":{"line":26,"column":0},"end":{"line":26,"column":20}},"26":{"start":{"line":27,"column":0},"end":{"line":27,"column":24}},"27":{"start":{"line":28,"column":0},"end":{"line":28,"column":20}},"28":{"start":{"line":29,"column":0},"end":{"line":29,"column":29}},"29":{"start":{"line":30,"column":0},"end":{"line":30,"column":30}},"30":{"start":{"line":31,"column":0},"end":{"line":31,"column":2}}},"s":{"0":1,"3":1,"4":15,"5":3,"6":3,"8":15,"9":1,"10":1,"12":15,"13":15,"14":15,"15":15,"16":15,"17":15,"18":15,"19":15,"20":15,"23":15,"25":1,"26":1,"27":1,"28":1,"29":1,"30":1},"branchMap":{"0":{"type":"branch","line":4,"loc":{"start":{"line":4,"column":22},"end":{"line":24,"column":2}},"locations":[{"start":{"line":4,"column":22},"end":{"line":24,"column":2}}]},"1":{"type":"branch","line":5,"loc":{"start":{"line":5,"column":22},"end":{"line":7,"column":4}},"locations":[{"start":{"line":5,"column":22},"end":{"line":7,"column":4}}]},"2":{"type":"branch","line":9,"loc":{"start":{"line":9,"column":21},"end":{"line":11,"column":4}},"locations":[{"start":{"line":9,"column":21},"end":{"line":11,"column":4}}]}},"b":{"0":[15],"1":[3],"2":[1]},"fnMap":{"0":{"name":"Search","decl":{"start":{"line":4,"column":22},"end":{"line":24,"column":2}},"loc":{"start":{"line":4,"column":22},"end":{"line":24,"column":2}},"line":4},"1":{"name":"handleFocus","decl":{"start":{"line":5,"column":22},"end":{"line":7,"column":4}},"loc":{"start":{"line":5,"column":22},"end":{"line":7,"column":4}},"line":5},"2":{"name":"handleBlur","decl":{"start":{"line":9,"column":21},"end":{"line":11,"column":4}},"loc":{"start":{"line":9,"column":21},"end":{"line":11,"column":4}},"line":9}},"f":{"0":15,"1":3,"2":1}}
,"C:\\Users\\gabri\\Desktop\\ReactViteProject\\src\\templates\\Home\\index.jsx": {"path":"C:\\Users\\gabri\\Desktop\\ReactViteProject\\src\\templates\\Home\\index.jsx","all":false,"statementMap":{"0":{"start":{"line":1,"column":0},"end":{"line":1,"column":57}},"10":{"start":{"line":11,"column":0},"end":{"line":11,"column":27}},"11":{"start":{"line":12,"column":0},"end":{"line":12,"column":41}},"12":{"start":{"line":13,"column":0},"end":{"line":13,"column":47}},"13":{"start":{"line":14,"column":0},"end":{"line":14,"column":38}},"14":{"start":{"line":15,"column":0},"end":{"line":15,"column":37}},"15":{"start":{"line":16,"column":0},"end":{"line":16,"column":53}},"16":{"start":{"line":17,"column":0},"end":{"line":17,"column":51}},"18":{"start":{"line":19,"column":0},"end":{"line":19,"column":61}},"20":{"start":{"line":21,"column":0},"end":{"line":21,"column":35}},"21":{"start":{"line":22,"column":0},"end":{"line":22,"column":33}},"22":{"start":{"line":23,"column":0},"end":{"line":23,"column":76}},"23":{"start":{"line":24,"column":0},"end":{"line":24,"column":8}},"24":{"start":{"line":25,"column":0},"end":{"line":25,"column":12}},"26":{"start":{"line":27,"column":0},"end":{"line":27,"column":69}},"27":{"start":{"line":28,"column":0},"end":{"line":28,"column":23}},"29":{"start":{"line":30,"column":0},"end":{"line":30,"column":45}},"31":{"start":{"line":32,"column":0},"end":{"line":32,"column":55}},"32":{"start":{"line":33,"column":0},"end":{"line":33,"column":32}},"33":{"start":{"line":34,"column":0},"end":{"line":34,"column":24}},"34":{"start":{"line":35,"column":0},"end":{"line":35,"column":9}},"36":{"start":{"line":37,"column":0},"end":{"line":37,"column":19}},"37":{"start":{"line":38,"column":0},"end":{"line":38,"column":37}},"38":{"start":{"line":39,"column":0},"end":{"line":39,"column":38}},"40":{"start":{"line":41,"column":0},"end":{"line":41,"column":32}},"41":{"start":{"line":42,"column":0},"end":{"line":42,"column":41}},"42":{"start":{"line":43,"column":0},"end":{"line":43,"column":72}},"44":{"start":{"line":45,"column":0},"end":{"line":45,"column":31}},"45":{"start":{"line":46,"column":0},"end":{"line":46,"column":26}},"46":{"start":{"line":47,"column":0},"end":{"line":47,"column":24}},"47":{"start":{"line":48,"column":0},"end":{"line":48,"column":5}},"48":{"start":{"line":49,"column":0},"end":{"line":49,"column":4}},"50":{"start":{"line":51,"column":0},"end":{"line":51,"column":36}},"51":{"start":{"line":52,"column":0},"end":{"line":52,"column":58}},"52":{"start":{"line":53,"column":0},"end":{"line":53,"column":84}},"54":{"start":{"line":55,"column":0},"end":{"line":55,"column":19}},"55":{"start":{"line":56,"column":0},"end":{"line":56,"column":30}},"56":{"start":{"line":57,"column":0},"end":{"line":57,"column":28}},"57":{"start":{"line":58,"column":0},"end":{"line":58,"column":5}},"58":{"start":{"line":59,"column":0},"end":{"line":59,"column":4}},"60":{"start":{"line":61,"column":0},"end":{"line":61,"column":35}},"61":{"start":{"line":62,"column":0},"end":{"line":62,"column":35}},"63":{"start":{"line":64,"column":0},"end":{"line":64,"column":26}},"64":{"start":{"line":65,"column":0},"end":{"line":65,"column":4}},"66":{"start":{"line":67,"column":0},"end":{"line":67,"column":10}},"67":{"start":{"line":68,"column":0},"end":{"line":68,"column":35}},"68":{"start":{"line":69,"column":0},"end":{"line":69,"column":109}},"70":{"start":{"line":71,"column":0},"end":{"line":71,"column":20}},"71":{"start":{"line":72,"column":0},"end":{"line":72,"column":19}},"72":{"start":{"line":73,"column":0},"end":{"line":73,"column":60}},"73":{"start":{"line":74,"column":0},"end":{"line":74,"column":39}},"75":{"start":{"line":76,"column":0},"end":{"line":76,"column":66}},"78":{"start":{"line":79,"column":0},"end":{"line":79,"column":40}},"79":{"start":{"line":80,"column":0},"end":{"line":80,"column":26}},"80":{"start":{"line":81,"column":0},"end":{"line":81,"column":12}},"81":{"start":{"line":82,"column":0},"end":{"line":82,"column":82}},"82":{"start":{"line":83,"column":0},"end":{"line":83,"column":79}},"88":{"start":{"line":89,"column":0},"end":{"line":89,"column":2}}},"s":{"0":1,"10":1,"11":12,"12":12,"13":12,"14":12,"15":12,"16":12,"18":12,"20":12,"21":2,"22":10,"23":10,"24":10,"26":12,"27":3,"29":3,"31":3,"32":3,"33":3,"34":12,"36":12,"37":3,"38":12,"40":12,"41":1,"42":1,"44":1,"45":1,"46":1,"47":1,"48":1,"50":12,"51":1,"52":1,"54":1,"55":1,"56":1,"57":1,"58":1,"60":12,"61":3,"63":3,"64":3,"66":12,"67":12,"68":12,"70":12,"71":3,"72":12,"73":8,"75":12,"78":12,"79":12,"80":12,"81":12,"82":12,"88":12},"branchMap":{"0":{"type":"branch","line":11,"loc":{"start":{"line":11,"column":20},"end":{"line":89,"column":2}},"locations":[{"start":{"line":11,"column":20},"end":{"line":89,"column":2}}]},"1":{"type":"branch","line":21,"loc":{"start":{"line":21,"column":24},"end":{"line":24,"column":8}},"locations":[{"start":{"line":21,"column":24},"end":{"line":24,"column":8}}]},"2":{"type":"branch","line":24,"loc":{"start":{"line":24,"column":6},"end":{"line":25,"column":12}},"locations":[{"start":{"line":24,"column":6},"end":{"line":25,"column":12}}]},"3":{"type":"branch","line":71,"loc":{"start":{"line":71,"column":7},"end":{"line":73,"column":24}},"locations":[{"start":{"line":71,"column":7},"end":{"line":73,"column":24}}]},"4":{"type":"branch","line":73,"loc":{"start":{"line":73,"column":33},"end":{"line":73,"column":60}},"locations":[{"start":{"line":73,"column":33},"end":{"line":73,"column":60}}]},"5":{"type":"branch","line":73,"loc":{"start":{"line":73,"column":54},"end":{"line":76,"column":9}},"locations":[{"start":{"line":73,"column":54},"end":{"line":76,"column":9}}]},"6":{"type":"branch","line":22,"loc":{"start":{"line":22,"column":22},"end":{"line":24,"column":8}},"locations":[{"start":{"line":22,"column":22},"end":{"line":24,"column":8}}]},"7":{"type":"branch","line":27,"loc":{"start":{"line":27,"column":38},"end":{"line":35,"column":5}},"locations":[{"start":{"line":27,"column":38},"end":{"line":35,"column":5}}]},"8":{"type":"branch","line":37,"loc":{"start":{"line":37,"column":12},"end":{"line":39,"column":5}},"locations":[{"start":{"line":37,"column":12},"end":{"line":39,"column":5}}]},"9":{"type":"branch","line":41,"loc":{"start":{"line":41,"column":25},"end":{"line":49,"column":4}},"locations":[{"start":{"line":41,"column":25},"end":{"line":49,"column":4}}]},"10":{"type":"branch","line":51,"loc":{"start":{"line":51,"column":29},"end":{"line":59,"column":4}},"locations":[{"start":{"line":51,"column":29},"end":{"line":59,"column":4}}]},"11":{"type":"branch","line":61,"loc":{"start":{"line":61,"column":23},"end":{"line":65,"column":4}},"locations":[{"start":{"line":61,"column":23},"end":{"line":65,"column":4}}]}},"b":{"0":[12],"1":[2],"2":[10],"3":[3],"4":[1],"5":[8],"6":[10],"7":[3],"8":[3],"9":[1],"10":[1],"11":[3]},"fnMap":{"0":{"name":"Home","decl":{"start":{"line":11,"column":20},"end":{"line":89,"column":2}},"loc":{"start":{"line":11,"column":20},"end":{"line":89,"column":2}},"line":11},"1":{"name":"handleNextPage","decl":{"start":{"line":41,"column":25},"end":{"line":49,"column":4}},"loc":{"start":{"line":41,"column":25},"end":{"line":49,"column":4}},"line":41},"2":{"name":"handlePreviousPage","decl":{"start":{"line":51,"column":29},"end":{"line":59,"column":4}},"loc":{"start":{"line":51,"column":29},"end":{"line":59,"column":4}},"line":51},"3":{"name":"handleChange","decl":{"start":{"line":61,"column":23},"end":{"line":65,"column":4}},"loc":{"start":{"line":61,"column":23},"end":{"line":65,"column":4}},"line":61}},"f":{"0":12,"1":1,"2":1,"3":3}}
,"C:\\Users\\gabri\\Desktop\\ReactViteProject\\src\\utils\\load-posts.js": {"path":"C:\\Users\\gabri\\Desktop\\ReactViteProject\\src\\utils\\load-posts.js","all":false,"statementMap":{"0":{"start":{"line":1,"column":0},"end":{"line":1,"column":41}},"1":{"start":{"line":2,"column":0},"end":{"line":2,"column":74}},"2":{"start":{"line":3,"column":0},"end":{"line":3,"column":83}},"4":{"start":{"line":5,"column":0},"end":{"line":5,"column":79}},"6":{"start":{"line":7,"column":0},"end":{"line":7,"column":41}},"7":{"start":{"line":8,"column":0},"end":{"line":8,"column":43}},"9":{"start":{"line":10,"column":0},"end":{"line":10,"column":47}},"11":{"start":{"line":12,"column":0},"end":{"line":12,"column":67}},"12":{"start":{"line":13,"column":0},"end":{"line":13,"column":16}},"13":{"start":{"line":14,"column":0},"end":{"line":14,"column":24}},"14":{"start":{"line":15,"column":0},"end":{"line":15,"column":58}},"15":{"start":{"line":16,"column":0},"end":{"line":16,"column":29}},"16":{"start":{"line":17,"column":0},"end":{"line":17,"column":39}},"17":{"start":{"line":18,"column":0},"end":{"line":18,"column":49}},"18":{"start":{"line":19,"column":0},"end":{"line":19,"column":9}},"19":{"start":{"line":20,"column":0},"end":{"line":20,"column":7}},"21":{"start":{"line":22,"column":0},"end":{"line":22,"column":26}},"22":{"start":{"line":23,"column":0},"end":{"line":23,"column":4}},"24":{"start":{"line":25,"column":0},"end":{"line":25,"column":38}},"25":{"start":{"line":26,"column":0},"end":{"line":26,"column":76}},"26":{"start":{"line":27,"column":0},"end":{"line":27,"column":81}},"27":{"start":{"line":28,"column":0},"end":{"line":28,"column":101}},"29":{"start":{"line":30,"column":0},"end":{"line":30,"column":77}},"31":{"start":{"line":32,"column":0},"end":{"line":32,"column":39}},"32":{"start":{"line":33,"column":0},"end":{"line":33,"column":41}},"34":{"start":{"line":35,"column":0},"end":{"line":35,"column":45}},"36":{"start":{"line":37,"column":0},"end":{"line":37,"column":57}},"37":{"start":{"line":38,"column":0},"end":{"line":38,"column":62}},"38":{"start":{"line":39,"column":0},"end":{"line":39,"column":5}},"40":{"start":{"line":41,"column":0},"end":{"line":41,"column":24}},"41":{"start":{"line":42,"column":0},"end":{"line":42,"column":2}}},"s":{"0":1,"1":1,"2":1,"4":1,"6":1,"7":1,"9":1,"11":1,"12":1,"13":1,"14":1,"15":1,"16":1,"17":1,"18":1,"19":1,"21":1,"22":1,"24":1,"25":3,"26":3,"27":3,"29":3,"31":3,"32":3,"34":3,"36":3,"37":15,"38":3,"40":3,"41":3},"branchMap":{"0":{"type":"branch","line":25,"loc":{"start":{"line":25,"column":25},"end":{"line":42,"column":2}},"locations":[{"start":{"line":25,"column":25},"end":{"line":42,"column":2}}]},"1":{"type":"branch","line":35,"loc":{"start":{"line":35,"column":18},"end":{"line":35,"column":43}},"locations":[{"start":{"line":35,"column":18},"end":{"line":35,"column":43}}]},"2":{"type":"branch","line":37,"loc":{"start":{"line":37,"column":39},"end":{"line":39,"column":3}},"locations":[{"start":{"line":37,"column":39},"end":{"line":39,"column":3}}]}},"b":{"0":[3],"1":[22],"2":[15]},"fnMap":{"0":{"name":"loadPosts","decl":{"start":{"line":25,"column":25},"end":{"line":42,"column":2}},"loc":{"start":{"line":25,"column":25},"end":{"line":42,"column":2}},"line":25}},"f":{"0":3}}
}
